[15:41:58] [ServerMain/INFO]: Environment: authHost='https://authserver.mojang.com', accountsHost='https://api.mojang.com', sessionHost='https://sessionserver.mojang.com', servicesHost='https://api.minecraftservices.com', name='PROD'
[15:42:00] [ServerMain/INFO]: Loaded 7 recipes
[15:42:01] [Server thread/INFO]: Starting minecraft server version 1.19.4
[15:42:01] [Server thread/INFO]: Loading properties
[15:42:01] [Server thread/INFO]: This server is running Paper version git-Paper-538 (MC: 1.19.4) (Implementing API version 1.19.4-R0.1-SNAPSHOT) (Git: bcd8dc2)
[15:42:01] [Server thread/INFO]: Server Ping Player Sample Count: 12
[15:42:01] [Server thread/INFO]: Using 4 threads for Netty based IO
[15:42:01] [Server thread/WARN]: [!] The timings profiler has been enabled but has been scheduled for removal from Paper in the future.
    We recommend installing the spark profiler as a replacement: https://spark.lucko.me/
    For more information please visit: https://github.com/PaperMC/Paper/issues/8948
[15:42:01] [Server thread/INFO]: [ChunkTaskScheduler] Chunk system is using 1 I/O threads, 4 worker threads, and gen parallelism of 4 threads
[15:42:01] [Server thread/INFO]: Default game type: SURVIVAL
[15:42:01] [Server thread/INFO]: Generating keypair
[15:42:01] [Server thread/INFO]: Starting Minecraft server on *:25565
[15:42:01] [Server thread/INFO]: Using default channel type
[15:42:01] [Server thread/INFO]: Paper: Using Java compression from Velocity.
[15:42:01] [Server thread/INFO]: Paper: Using Java cipher from Velocity.
[15:42:02] [Server thread/INFO]: [SpigotLibraryLoader] [CollectItemChallenge] Loading 1 libraries... please wait
[15:42:02] [Server thread/INFO]: [SpigotLibraryLoader] [CollectItemChallenge] Loaded library C:\Users\marli\Documents\GitHub\collectitemchallenge\run\libraries\net\axay\kspigot\1.19.2\kspigot-1.19.2.jar
[15:42:02] [Server thread/INFO]: [SpigotLibraryLoader] [CollectItemChallenge] Loaded library C:\Users\marli\Documents\GitHub\collectitemchallenge\run\libraries\org\jetbrains\kotlinx\kotlinx-serialization-json-jvm\1.5.0\kotlinx-serialization-json-jvm-1.5.0.jar
[15:42:02] [Server thread/INFO]: [SpigotLibraryLoader] [CollectItemChallenge] Loaded library C:\Users\marli\Documents\GitHub\collectitemchallenge\run\libraries\org\jetbrains\kotlin\kotlin-stdlib\1.8.10\kotlin-stdlib-1.8.10.jar
[15:42:02] [Server thread/INFO]: [SpigotLibraryLoader] [CollectItemChallenge] Loaded library C:\Users\marli\Documents\GitHub\collectitemchallenge\run\libraries\org\jetbrains\annotations\13.0\annotations-13.0.jar
[15:42:02] [Server thread/INFO]: [SpigotLibraryLoader] [CollectItemChallenge] Loaded library C:\Users\marli\Documents\GitHub\collectitemchallenge\run\libraries\org\jetbrains\kotlin\kotlin-stdlib-common\1.8.10\kotlin-stdlib-common-1.8.10.jar
[15:42:02] [Server thread/INFO]: [SpigotLibraryLoader] [CollectItemChallenge] Loaded library C:\Users\marli\Documents\GitHub\collectitemchallenge\run\libraries\org\jetbrains\kotlinx\kotlinx-serialization-core-jvm\1.5.0\kotlinx-serialization-core-jvm-1.5.0.jar
[15:42:02] [Server thread/INFO]: [SpigotLibraryLoader] [CollectItemChallenge] Loaded library C:\Users\marli\Documents\GitHub\collectitemchallenge\run\libraries\org\jetbrains\kotlinx\kotlinx-coroutines-core-jvm\1.6.4\kotlinx-coroutines-core-jvm-1.6.4.jar
[15:42:02] [Server thread/INFO]: [SpigotLibraryLoader] [CollectItemChallenge] Loaded library C:\Users\marli\Documents\GitHub\collectitemchallenge\run\libraries\org\jetbrains\kotlinx\kotlinx-coroutines-jdk8\1.6.4\kotlinx-coroutines-jdk8-1.6.4.jar
[15:42:02] [Server thread/INFO]: [SpigotLibraryLoader] [CollectItemChallenge] Loaded library C:\Users\marli\Documents\GitHub\collectitemchallenge\run\libraries\org\jetbrains\kotlin\kotlin-stdlib-jdk8\1.8.10\kotlin-stdlib-jdk8-1.8.10.jar
[15:42:02] [Server thread/INFO]: [SpigotLibraryLoader] [CollectItemChallenge] Loaded library C:\Users\marli\Documents\GitHub\collectitemchallenge\run\libraries\org\jetbrains\kotlin\kotlin-stdlib-jdk7\1.8.10\kotlin-stdlib-jdk7-1.8.10.jar
[15:42:02] [Server thread/INFO]: [CollectItemChallenge] Loading server plugin CollectItemChallenge v1.0
[15:42:02] [Server thread/INFO]: Server permissions file permissions.yml is empty, ignoring it
[15:42:02] [Server thread/INFO]: Preparing level "world"
[15:42:03] [Server thread/INFO]: Preparing start region for dimension minecraft:overworld
[15:42:03] [Server thread/INFO]: Time elapsed: 132 ms
[15:42:03] [Server thread/INFO]: Preparing start region for dimension minecraft:the_nether
[15:42:03] [Server thread/INFO]: Time elapsed: 28 ms
[15:42:03] [Server thread/INFO]: Preparing start region for dimension minecraft:the_end
[15:42:03] [Server thread/INFO]: Time elapsed: 21 ms
[15:42:03] [Server thread/INFO]: [CollectItemChallenge] Enabling CollectItemChallenge v1.0
[15:42:03] [Server thread/INFO]: Running delayed init tasks
[15:42:03] [Server thread/INFO]: Done (2.268s)! For help, type "help"
[15:42:03] [Server thread/INFO]: Timings Reset
[15:42:07] [User Authenticator #0/INFO]: UUID of player DerDino_Marlir is 72ccbc0c-a35f-4492-9450-971a26607ee0
[15:42:07] [Server thread/INFO]: DerDino_Marlir joined the game
[15:42:07] [Server thread/INFO]: DerDino_Marlir[/127.0.0.1:57612] logged in with entity id 124 at ([world]2.5, 83.0, 5.5)
[15:42:12] [Server thread/INFO]: DerDino_Marlir issued server command: /start
[15:42:21] [Server thread/WARN]: DerDino_Marlir moved too quickly! 11.0,4.768476202412984,-7.60316346921552
